{
    "meta": {
        "version": "7.3.2",
        "timestamp": "2024-01-19T20:28:45.945645",
        "branch_coverage": false,
        "show_contexts": false
    },
    "files": {
        "src\\modules\\app\\st_functions.py": {
            "executed_lines": [
                1,
                5,
                6,
                7,
                8,
                9,
                10,
                11,
                12,
                13,
                16,
                17,
                29,
                30,
                33,
                47,
                48,
                49,
                50,
                51,
                52,
                53,
                54,
                55,
                56,
                63,
                64,
                71,
                72,
                79,
                80,
                87,
                88,
                95,
                98,
                99,
                122,
                123,
                124,
                125,
                126,
                129,
                130,
                165,
                174,
                177,
                184,
                187,
                199,
                220,
                227,
                233,
                254,
                262,
                272,
                273,
                274,
                275,
                277,
                278,
                285,
                306,
                307,
                310,
                318,
                331,
                337,
                350,
                351,
                365,
                383,
                391,
                394,
                413,
                422,
                425,
                426,
                431,
                432,
                435,
                457,
                458,
                461,
                469,
                472,
                494,
                495,
                498,
                510,
                515,
                535,
                536,
                537,
                540,
                568,
                571,
                572
            ],
            "summary": {
                "covered_lines": 95,
                "num_statements": 106,
                "percent_covered": 89.62264150943396,
                "percent_covered_display": "90",
                "missing_lines": 11,
                "excluded_lines": 0
            },
            "missing_lines": [
                308,
                463,
                465,
                466,
                468,
                500,
                501,
                502,
                505,
                507,
                509
            ],
            "excluded_lines": []
        },
        "src\\modules\\app\\st_plots.py": {
            "executed_lines": [
                1,
                6,
                7,
                8,
                9,
                10,
                11,
                12,
                13,
                14,
                17,
                46,
                47,
                48,
                53,
                56,
                81,
                85,
                86,
                87,
                100,
                101,
                102,
                105,
                139,
                145,
                148,
                167,
                175,
                180,
                183,
                203,
                211,
                212,
                213,
                214,
                215,
                218,
                242,
                257,
                258,
                259,
                266,
                267,
                268,
                270,
                273,
                274,
                281,
                300,
                313,
                314,
                315,
                318,
                337,
                338,
                339,
                340,
                350,
                351,
                354,
                374,
                380,
                383,
                433,
                459,
                462,
                463,
                467,
                469,
                470,
                472,
                473,
                481,
                488
            ],
            "summary": {
                "covered_lines": 74,
                "num_statements": 91,
                "percent_covered": 81.31868131868131,
                "percent_covered_display": "81",
                "missing_lines": 17,
                "excluded_lines": 0
            },
            "missing_lines": [
                49,
                82,
                83,
                403,
                404,
                405,
                406,
                407,
                409,
                417,
                419,
                420,
                421,
                422,
                430,
                460,
                465
            ],
            "excluded_lines": []
        },
        "src\\modules\\app\\st_selectors.py": {
            "executed_lines": [
                1,
                5,
                6,
                9,
                21,
                22,
                31,
                50,
                60,
                72,
                73,
                76,
                77,
                80,
                92,
                93,
                96,
                97,
                100,
                112,
                113,
                116,
                117,
                120,
                134,
                135,
                136,
                138,
                141,
                153,
                159,
                180,
                181,
                182,
                183,
                184,
                185,
                187,
                189,
                191,
                193,
                195,
                197,
                199,
                202,
                203,
                206,
                231,
                243,
                251,
                254,
                270,
                271,
                272,
                273
            ],
            "summary": {
                "covered_lines": 54,
                "num_statements": 67,
                "percent_covered": 80.59701492537313,
                "percent_covered_display": "81",
                "missing_lines": 13,
                "excluded_lines": 0
            },
            "missing_lines": [
                74,
                94,
                114,
                137,
                186,
                188,
                190,
                192,
                194,
                196,
                198,
                200,
                218
            ],
            "excluded_lines": []
        },
        "src\\modules\\app\\st_tables.py": {
            "executed_lines": [
                1,
                6,
                7,
                8,
                9,
                10,
                11,
                12,
                13,
                14,
                28,
                47,
                127,
                147,
                148,
                180,
                203,
                215,
                218,
                235,
                238,
                239,
                240,
                241,
                242,
                243,
                244,
                247,
                267,
                268,
                269,
                274,
                283,
                284,
                286,
                287,
                288,
                291,
                294,
                297,
                322,
                323,
                324,
                340,
                346,
                349,
                370,
                372,
                374,
                376,
                378,
                379,
                384,
                386,
                403,
                404,
                405,
                406,
                409,
                429,
                430,
                438,
                439,
                441,
                442,
                443,
                447,
                451,
                452,
                454,
                455,
                456,
                457,
                458,
                460,
                461,
                462,
                488,
                489
            ],
            "summary": {
                "covered_lines": 78,
                "num_statements": 108,
                "percent_covered": 72.22222222222223,
                "percent_covered_display": "72",
                "missing_lines": 30,
                "excluded_lines": 0
            },
            "missing_lines": [
                270,
                271,
                272,
                300,
                301,
                304,
                308,
                312,
                316,
                319,
                373,
                375,
                377,
                380,
                381,
                382,
                383,
                464,
                465,
                466,
                467,
                471,
                475,
                479,
                480,
                481,
                482,
                484,
                485,
                486
            ],
            "excluded_lines": []
        },
        "src\\modules\\bear_cleaner.py": {
            "executed_lines": [
                1,
                7,
                10,
                12,
                29,
                32,
                34,
                40,
                43,
                45,
                65,
                66,
                69,
                71,
                86,
                89,
                91,
                100,
                103,
                105,
                114,
                117,
                119,
                125,
                128,
                130,
                136,
                139,
                141,
                147,
                150,
                152,
                158,
                161,
                163,
                169,
                172,
                174,
                180,
                181,
                184,
                186,
                194,
                197,
                200,
                209,
                212,
                214,
                234,
                246,
                249,
                251,
                317,
                320,
                322,
                328,
                331,
                333,
                336,
                339,
                341,
                358,
                361,
                363,
                366,
                369,
                371,
                380,
                381,
                384,
                386,
                395,
                398,
                399,
                402,
                405,
                407,
                413,
                416,
                418,
                419,
                422,
                441,
                468
            ],
            "summary": {
                "covered_lines": 83,
                "num_statements": 83,
                "percent_covered": 100.0,
                "percent_covered_display": "100",
                "missing_lines": 0,
                "excluded_lines": 0
            },
            "missing_lines": [],
            "excluded_lines": []
        },
        "src\\modules\\utils.py": {
            "executed_lines": [
                1,
                2,
                3,
                6,
                19
            ],
            "summary": {
                "covered_lines": 5,
                "num_statements": 12,
                "percent_covered": 41.666666666666664,
                "percent_covered_display": "42",
                "missing_lines": 7,
                "excluded_lines": 0
            },
            "missing_lines": [
                8,
                16,
                22,
                23,
                24,
                27,
                29
            ],
            "excluded_lines": []
        },
        "streamlit_app.py": {
            "executed_lines": [
                1,
                12,
                13,
                14,
                15,
                16,
                17,
                18,
                21,
                22,
                23,
                24,
                25,
                26,
                27,
                28,
                30,
                32,
                33,
                34,
                35,
                36,
                37,
                38,
                39,
                40,
                41,
                43,
                52,
                55,
                56,
                57,
                58,
                59,
                60,
                61,
                62,
                63,
                64,
                65,
                69,
                80,
                82,
                83,
                84,
                85,
                86,
                88,
                90,
                91,
                96,
                97,
                98,
                99,
                100,
                101,
                102,
                106,
                108,
                109,
                110,
                111,
                112,
                114,
                116,
                117,
                118,
                119,
                120,
                121,
                123,
                125,
                126,
                129,
                130,
                137,
                138,
                141,
                146,
                147,
                148,
                151,
                152,
                153,
                164,
                165,
                166,
                169,
                175,
                176,
                177,
                178,
                179,
                182,
                184,
                185,
                186,
                187,
                188,
                189,
                190,
                191,
                192,
                193,
                194,
                195,
                196,
                197,
                198,
                199,
                200,
                201,
                202,
                207,
                208,
                209,
                217,
                218,
                219,
                222,
                230,
                233,
                235,
                236,
                239,
                240
            ],
            "summary": {
                "covered_lines": 125,
                "num_statements": 134,
                "percent_covered": 93.28358208955224,
                "percent_covered_display": "93",
                "missing_lines": 9,
                "excluded_lines": 0
            },
            "missing_lines": [
                139,
                140,
                171,
                174,
                183,
                204,
                205,
                206,
                214
            ],
            "excluded_lines": []
        },
        "tests\\__init__.py": {
            "executed_lines": [
                1,
                2,
                4
            ],
            "summary": {
                "covered_lines": 3,
                "num_statements": 3,
                "percent_covered": 100.0,
                "percent_covered_display": "100",
                "missing_lines": 0,
                "excluded_lines": 0
            },
            "missing_lines": [],
            "excluded_lines": []
        },
        "tests\\test_app.py": {
            "executed_lines": [
                1,
                4,
                6,
                7,
                8,
                9,
                12,
                14,
                15,
                16,
                17,
                20,
                22,
                23,
                24,
                25,
                28,
                30,
                31,
                32,
                35,
                37,
                38,
                39,
                45,
                47,
                48,
                51,
                54,
                56,
                57,
                60,
                66,
                68,
                69,
                70,
                76,
                80,
                81,
                82,
                91,
                93,
                94,
                95,
                99,
                105,
                107,
                108,
                109,
                115,
                117,
                118,
                121,
                131,
                133,
                134,
                137
            ],
            "summary": {
                "covered_lines": 57,
                "num_statements": 57,
                "percent_covered": 100.0,
                "percent_covered_display": "100",
                "missing_lines": 0,
                "excluded_lines": 0
            },
            "missing_lines": [],
            "excluded_lines": []
        }
    },
    "totals": {
        "covered_lines": 574,
        "num_statements": 661,
        "percent_covered": 86.83812405446294,
        "percent_covered_display": "87",
        "missing_lines": 87,
        "excluded_lines": 0
    }
}