{
    "meta": {
        "version": "7.3.2",
        "timestamp": "2024-01-20T13:10:03.602914",
        "branch_coverage": false,
        "show_contexts": false
    },
    "files": {
        "src\\modules\\app\\st_functions.py": {
            "executed_lines": [
                1,
                5,
                6,
                7,
                8,
                9,
                10,
                11,
                12,
                13,
                16,
                17,
                29,
                30,
                33,
                47,
                48,
                49,
                50,
                51,
                52,
                53,
                54,
                55,
                56,
                63,
                64,
                71,
                72,
                79,
                80,
                87,
                88,
                95,
                98,
                99,
                122,
                123,
                124,
                125,
                126,
                129,
                130,
                165,
                174,
                177,
                184,
                187,
                199,
                220,
                227,
                233,
                254,
                262,
                272,
                273,
                274,
                275,
                277,
                278,
                285,
                306,
                307,
                310,
                318,
                331,
                337,
                350,
                351,
                365,
                383,
                391,
                394,
                413,
                422,
                425,
                426,
                431,
                432,
                435,
                457,
                458,
                461,
                469,
                472,
                494,
                495,
                498,
                510,
                515,
                535,
                536,
                537,
                540,
                568,
                571,
                572
            ],
            "summary": {
                "covered_lines": 95,
                "num_statements": 106,
                "percent_covered": 89.62264150943396,
                "percent_covered_display": "90",
                "missing_lines": 11,
                "excluded_lines": 0
            },
            "missing_lines": [
                308,
                463,
                465,
                466,
                468,
                500,
                501,
                502,
                505,
                507,
                509
            ],
            "excluded_lines": []
        },
        "src\\modules\\app\\st_plots.py": {
            "executed_lines": [
                1,
                6,
                7,
                8,
                9,
                10,
                11,
                12,
                13,
                14,
                17,
                46,
                47,
                48,
                53,
                56,
                81,
                85,
                86,
                87,
                100,
                101,
                102,
                105,
                139,
                145,
                148,
                167,
                175,
                180,
                183,
                203,
                211,
                212,
                213,
                214,
                215,
                218,
                242,
                257,
                258,
                259,
                266,
                267,
                268,
                270,
                273,
                274,
                281,
                300,
                313,
                314,
                315,
                318,
                337,
                338,
                339,
                340,
                350,
                351,
                354,
                374,
                380,
                383,
                403,
                404,
                405,
                406,
                407,
                409,
                417,
                419,
                420,
                421,
                422,
                430,
                433,
                459,
                460,
                462,
                463,
                465,
                467,
                469,
                470,
                472,
                473,
                481,
                488
            ],
            "summary": {
                "covered_lines": 88,
                "num_statements": 91,
                "percent_covered": 96.7032967032967,
                "percent_covered_display": "97",
                "missing_lines": 3,
                "excluded_lines": 0
            },
            "missing_lines": [
                49,
                82,
                83
            ],
            "excluded_lines": []
        },
        "src\\modules\\app\\st_selectors.py": {
            "executed_lines": [
                1,
                5,
                6,
                9,
                21,
                22,
                31,
                50,
                60,
                72,
                73,
                76,
                77,
                80,
                92,
                93,
                96,
                97,
                100,
                112,
                113,
                116,
                117,
                120,
                134,
                135,
                136,
                138,
                141,
                153,
                159,
                180,
                181,
                182,
                183,
                184,
                185,
                187,
                189,
                191,
                193,
                195,
                197,
                199,
                202,
                203,
                206,
                231,
                243,
                251,
                254,
                270,
                271,
                272,
                273
            ],
            "summary": {
                "covered_lines": 54,
                "num_statements": 67,
                "percent_covered": 80.59701492537313,
                "percent_covered_display": "81",
                "missing_lines": 13,
                "excluded_lines": 0
            },
            "missing_lines": [
                74,
                94,
                114,
                137,
                186,
                188,
                190,
                192,
                194,
                196,
                198,
                200,
                218
            ],
            "excluded_lines": []
        },
        "src\\modules\\app\\st_tables.py": {
            "executed_lines": [
                1,
                6,
                7,
                8,
                9,
                10,
                11,
                12,
                13,
                14,
                28,
                47,
                127,
                147,
                148,
                180,
                203,
                215,
                218,
                235,
                238,
                239,
                240,
                241,
                242,
                243,
                244,
                247,
                267,
                268,
                269,
                270,
                271,
                272,
                274,
                283,
                284,
                286,
                287,
                288,
                291,
                294,
                297,
                300,
                301,
                304,
                308,
                312,
                316,
                319,
                322,
                323,
                324,
                340,
                346,
                349,
                370,
                372,
                373,
                374,
                376,
                377,
                378,
                379,
                384,
                386,
                403,
                404,
                405,
                406,
                409,
                429,
                430,
                438,
                439,
                441,
                442,
                443,
                447,
                451,
                452,
                454,
                455,
                456,
                457,
                458,
                460,
                461,
                462,
                488,
                489
            ],
            "summary": {
                "covered_lines": 90,
                "num_statements": 108,
                "percent_covered": 83.33333333333333,
                "percent_covered_display": "83",
                "missing_lines": 18,
                "excluded_lines": 0
            },
            "missing_lines": [
                375,
                380,
                381,
                382,
                383,
                464,
                465,
                466,
                467,
                471,
                475,
                479,
                480,
                481,
                482,
                484,
                485,
                486
            ],
            "excluded_lines": []
        },
        "src\\modules\\bear_cleaner.py": {
            "executed_lines": [
                1,
                7,
                10,
                12,
                29,
                32,
                34,
                40,
                43,
                45,
                65,
                66,
                69,
                71,
                86,
                89,
                91,
                100,
                103,
                105,
                114,
                117,
                119,
                125,
                128,
                130,
                136,
                139,
                141,
                147,
                150,
                152,
                158,
                161,
                163,
                169,
                172,
                174,
                180,
                181,
                184,
                186,
                194,
                197,
                200,
                209,
                212,
                214,
                234,
                246,
                249,
                251,
                317,
                320,
                322,
                328,
                331,
                333,
                336,
                339,
                341,
                358,
                361,
                363,
                366,
                369,
                371,
                380,
                381,
                384,
                386,
                395,
                398,
                399,
                402,
                405,
                407,
                413,
                416,
                418,
                419,
                422,
                441,
                468
            ],
            "summary": {
                "covered_lines": 83,
                "num_statements": 83,
                "percent_covered": 100.0,
                "percent_covered_display": "100",
                "missing_lines": 0,
                "excluded_lines": 0
            },
            "missing_lines": [],
            "excluded_lines": []
        },
        "src\\modules\\ml_models\\models.py": {
            "executed_lines": [
                1,
                11,
                12,
                13,
                19,
                20,
                21,
                22,
                23,
                24,
                25,
                26,
                27,
                28,
                29,
                31,
                33,
                36,
                56,
                57,
                58,
                59,
                62,
                80,
                81,
                83,
                85,
                89,
                91,
                94,
                95,
                136,
                144,
                145,
                154,
                164,
                165,
                168,
                169,
                207,
                215,
                216,
                225,
                234,
                235,
                238,
                239,
                280,
                288,
                289,
                299,
                309,
                310,
                313,
                314,
                355,
                363,
                364,
                373,
                384,
                385,
                388,
                389,
                430,
                438,
                439,
                448,
                457,
                458,
                461,
                462,
                503,
                511,
                512,
                521,
                530,
                531,
                534,
                572,
                582,
                603,
                604,
                607,
                628,
                629,
                632,
                653,
                654,
                657,
                678,
                679,
                682,
                704,
                705
            ],
            "summary": {
                "covered_lines": 93,
                "num_statements": 105,
                "percent_covered": 88.57142857142857,
                "percent_covered_display": "89",
                "missing_lines": 12,
                "excluded_lines": 0
            },
            "missing_lines": [
                137,
                153,
                208,
                224,
                281,
                297,
                356,
                372,
                431,
                447,
                504,
                520
            ],
            "excluded_lines": []
        },
        "src\\modules\\ml_models\\prediction.py": {
            "executed_lines": [
                1,
                4,
                5,
                11,
                12,
                13,
                14,
                15,
                16,
                17,
                19,
                20,
                21,
                23,
                24,
                25,
                26,
                28,
                31,
                32,
                34,
                35,
                38,
                70,
                71,
                72,
                76,
                78,
                104,
                106,
                107,
                108,
                111,
                114,
                145,
                147,
                148,
                150,
                153,
                176,
                199,
                200,
                222,
                225,
                248,
                271,
                272,
                294,
                297,
                320,
                336,
                337,
                354,
                357,
                380,
                404,
                405,
                428,
                431,
                454,
                474,
                475,
                494,
                497,
                520,
                536,
                537,
                552,
                555,
                591,
                619,
                621,
                622,
                623,
                625,
                626,
                634,
                635,
                636,
                637,
                639,
                640,
                641,
                642,
                645,
                648
            ],
            "summary": {
                "covered_lines": 84,
                "num_statements": 108,
                "percent_covered": 77.77777777777777,
                "percent_covered_display": "78",
                "missing_lines": 24,
                "excluded_lines": 0
            },
            "missing_lines": [
                73,
                74,
                146,
                177,
                249,
                321,
                381,
                455,
                521,
                574,
                575,
                581,
                582,
                588,
                643,
                644,
                670,
                671,
                672,
                673,
                674,
                733,
                734,
                735
            ],
            "excluded_lines": []
        },
        "src\\modules\\scraping\\mystical_soup.py": {
            "executed_lines": [
                1,
                13,
                14,
                15,
                16,
                17,
                19,
                38,
                39,
                42,
                62,
                64,
                65,
                70,
                90,
                94,
                99,
                100,
                101,
                102,
                107,
                127,
                129,
                130,
                135,
                155,
                159,
                161,
                164,
                169,
                172,
                192,
                194,
                195,
                200,
                220,
                222,
                223,
                224,
                229,
                253,
                254,
                255,
                256,
                259,
                279,
                283,
                286,
                287,
                290,
                310,
                313,
                314,
                319,
                352,
                353,
                354,
                355,
                356,
                359,
                362,
                391,
                470
            ],
            "summary": {
                "covered_lines": 62,
                "num_statements": 97,
                "percent_covered": 63.91752577319588,
                "percent_covered_display": "64",
                "missing_lines": 35,
                "excluded_lines": 0
            },
            "missing_lines": [
                67,
                104,
                132,
                162,
                165,
                166,
                167,
                197,
                226,
                284,
                316,
                384,
                385,
                386,
                387,
                388,
                438,
                439,
                441,
                467,
                491,
                492,
                494,
                495,
                496,
                497,
                498,
                499,
                500,
                501,
                503,
                504,
                506,
                507,
                509
            ],
            "excluded_lines": []
        },
        "src\\modules\\scraping\\scraping_functions.py": {
            "executed_lines": [
                1,
                7,
                8,
                9,
                10,
                11,
                12,
                13,
                14,
                15,
                16,
                18,
                19,
                20,
                21,
                24,
                51,
                52,
                53,
                54,
                55,
                62,
                64,
                66,
                69,
                87,
                88,
                89,
                90,
                91,
                92,
                99,
                101,
                104,
                118,
                119,
                122,
                136,
                142,
                143,
                146,
                147,
                148,
                151,
                167,
                168,
                175,
                176,
                179,
                200,
                201,
                202,
                205,
                206,
                209,
                236,
                237,
                238,
                239,
                240,
                241,
                242,
                243,
                244,
                245,
                246,
                247,
                250,
                251,
                252,
                260,
                261,
                262,
                263,
                264,
                268,
                275,
                278,
                289,
                290,
                323,
                346,
                347,
                348,
                351,
                352,
                375,
                376,
                377,
                378,
                379
            ],
            "summary": {
                "covered_lines": 90,
                "num_statements": 111,
                "percent_covered": 81.08108108108108,
                "percent_covered_display": "81",
                "missing_lines": 21,
                "excluded_lines": 0
            },
            "missing_lines": [
                203,
                265,
                266,
                270,
                271,
                272,
                273,
                274,
                280,
                281,
                282,
                283,
                286,
                313,
                314,
                315,
                316,
                317,
                318,
                319,
                320
            ],
            "excluded_lines": []
        },
        "src\\modules\\scraping\\vin_dataclass.py": {
            "executed_lines": [
                1,
                2,
                5,
                6,
                7,
                8,
                10,
                11,
                12,
                13,
                14,
                15,
                16,
                17,
                18,
                19,
                20,
                21,
                22,
                23,
                24,
                25,
                26,
                27,
                28,
                29,
                30,
                31,
                32
            ],
            "summary": {
                "covered_lines": 28,
                "num_statements": 28,
                "percent_covered": 100.0,
                "percent_covered_display": "100",
                "missing_lines": 0,
                "excluded_lines": 0
            },
            "missing_lines": [],
            "excluded_lines": []
        },
        "src\\modules\\utils.py": {
            "executed_lines": [
                1,
                2,
                3,
                6,
                8,
                16,
                19,
                22,
                23,
                24,
                27,
                29
            ],
            "summary": {
                "covered_lines": 12,
                "num_statements": 12,
                "percent_covered": 100.0,
                "percent_covered_display": "100",
                "missing_lines": 0,
                "excluded_lines": 0
            },
            "missing_lines": [],
            "excluded_lines": []
        },
        "streamlit_app.py": {
            "executed_lines": [
                1,
                12,
                13,
                14,
                15,
                16,
                17,
                18,
                21,
                22,
                23,
                24,
                25,
                26,
                27,
                28,
                30,
                32,
                33,
                34,
                35,
                36,
                37,
                38,
                39,
                40,
                41,
                43,
                52,
                55,
                56,
                57,
                58,
                59,
                60,
                61,
                62,
                63,
                64,
                65,
                69,
                80,
                82,
                83,
                84,
                85,
                86,
                88,
                90,
                91,
                96,
                97,
                98,
                99,
                100,
                101,
                102,
                106,
                108,
                109,
                110,
                111,
                112,
                114,
                116,
                117,
                118,
                119,
                120,
                121,
                123,
                125,
                126,
                129,
                130,
                137,
                138,
                139,
                140,
                141,
                146,
                147,
                148,
                151,
                152,
                153,
                164,
                165,
                166,
                169,
                171,
                174,
                175,
                176,
                177,
                178,
                179,
                182,
                183,
                184,
                185,
                186,
                187,
                188,
                189,
                190,
                191,
                192,
                193,
                194,
                195,
                196,
                197,
                198,
                199,
                200,
                201,
                202,
                207,
                208,
                209,
                217,
                218,
                219,
                222,
                230,
                233,
                235,
                236,
                239,
                240
            ],
            "summary": {
                "covered_lines": 130,
                "num_statements": 134,
                "percent_covered": 97.01492537313433,
                "percent_covered_display": "97",
                "missing_lines": 4,
                "excluded_lines": 0
            },
            "missing_lines": [
                204,
                205,
                206,
                214
            ],
            "excluded_lines": []
        },
        "tests\\__init__.py": {
            "executed_lines": [
                1,
                2,
                4
            ],
            "summary": {
                "covered_lines": 3,
                "num_statements": 3,
                "percent_covered": 100.0,
                "percent_covered_display": "100",
                "missing_lines": 0,
                "excluded_lines": 0
            },
            "missing_lines": [],
            "excluded_lines": []
        },
        "tests\\test_app.py": {
            "executed_lines": [
                1,
                2,
                5,
                7,
                8,
                9,
                10,
                13,
                15,
                16,
                17,
                18,
                21,
                23,
                24,
                25,
                26,
                29,
                31,
                32,
                33,
                36,
                38,
                39,
                40,
                46,
                48,
                49,
                52,
                55,
                57,
                58,
                61,
                67,
                69,
                70,
                71,
                77,
                81,
                82,
                83,
                92,
                94,
                95,
                96,
                100,
                106,
                108,
                109,
                110,
                116,
                121,
                122,
                125,
                135,
                140,
                141,
                144,
                154,
                159,
                160,
                163,
                173,
                178,
                179,
                182,
                192,
                197,
                198,
                201,
                202,
                207,
                214,
                220,
                221,
                224,
                225,
                231,
                239,
                245,
                246,
                249,
                260,
                266,
                267,
                270,
                279,
                290,
                303
            ],
            "summary": {
                "covered_lines": 89,
                "num_statements": 100,
                "percent_covered": 89.0,
                "percent_covered_display": "89",
                "missing_lines": 11,
                "excluded_lines": 0
            },
            "missing_lines": [
                296,
                297,
                298,
                299,
                300,
                309,
                310,
                311,
                312,
                313,
                314
            ],
            "excluded_lines": []
        },
        "tests\\test_bear_cleaner.py": {
            "executed_lines": [
                1,
                29,
                31,
                34,
                35,
                36,
                37,
                38,
                41,
                42,
                43,
                46,
                47,
                48,
                51,
                52,
                53,
                56,
                57,
                58,
                59,
                60,
                63,
                64,
                65,
                68,
                69,
                70,
                73,
                74,
                75,
                78,
                79,
                80,
                83,
                84,
                85,
                88,
                89,
                90,
                93,
                94,
                95,
                98,
                99,
                100,
                103,
                104,
                105,
                108,
                109,
                110,
                113,
                114,
                115,
                116,
                119,
                120,
                121,
                122,
                125,
                126,
                127,
                128,
                129,
                132,
                133,
                134,
                137,
                138,
                139,
                142,
                143,
                144,
                147,
                148,
                149,
                152,
                153,
                154,
                155,
                156,
                159,
                160,
                161,
                164,
                165,
                166,
                167,
                170,
                171,
                172
            ],
            "summary": {
                "covered_lines": 92,
                "num_statements": 92,
                "percent_covered": 100.0,
                "percent_covered_display": "100",
                "missing_lines": 0,
                "excluded_lines": 0
            },
            "missing_lines": [],
            "excluded_lines": []
        },
        "tests\\test_models.py": {
            "executed_lines": [
                1,
                2,
                18,
                21,
                23,
                24,
                25,
                26,
                29,
                31,
                32,
                33,
                36,
                38,
                39,
                40,
                41,
                44,
                46,
                47,
                48,
                49,
                52,
                54,
                55,
                56,
                57,
                60,
                62,
                63,
                64,
                65,
                68,
                70,
                71,
                72,
                73,
                76,
                78,
                79,
                80,
                81,
                84,
                86,
                87,
                88,
                89,
                92,
                94,
                95,
                96,
                97,
                98,
                99,
                100,
                103,
                105,
                106,
                107,
                108,
                109,
                110,
                111,
                114,
                116,
                117,
                118,
                119,
                120
            ],
            "summary": {
                "covered_lines": 69,
                "num_statements": 69,
                "percent_covered": 100.0,
                "percent_covered_display": "100",
                "missing_lines": 0,
                "excluded_lines": 0
            },
            "missing_lines": [],
            "excluded_lines": []
        },
        "tests\\test_mystical_soup.py": {
            "executed_lines": [
                1,
                14,
                16,
                17,
                19,
                21,
                22,
                24,
                25,
                26,
                28,
                29,
                31,
                32,
                34,
                35,
                37,
                38,
                40,
                41,
                43,
                44,
                46,
                47,
                49,
                50,
                52,
                53
            ],
            "summary": {
                "covered_lines": 28,
                "num_statements": 28,
                "percent_covered": 100.0,
                "percent_covered_display": "100",
                "missing_lines": 0,
                "excluded_lines": 0
            },
            "missing_lines": [],
            "excluded_lines": []
        },
        "tests\\test_prediction.py": {
            "executed_lines": [
                1,
                2,
                14,
                16,
                17,
                18,
                19,
                20,
                22,
                24,
                25,
                26,
                27,
                29,
                31,
                32,
                34,
                36,
                37,
                39,
                41,
                42,
                44,
                46,
                47,
                49,
                51,
                52,
                54,
                56,
                57,
                59,
                61,
                62
            ],
            "summary": {
                "covered_lines": 34,
                "num_statements": 34,
                "percent_covered": 100.0,
                "percent_covered_display": "100",
                "missing_lines": 0,
                "excluded_lines": 0
            },
            "missing_lines": [],
            "excluded_lines": []
        },
        "tests\\test_scraping_functions.py": {
            "executed_lines": [
                1,
                14,
                15,
                16,
                19,
                20,
                23,
                24,
                25,
                26,
                34,
                35,
                38,
                39,
                40,
                43,
                44,
                45,
                48,
                49,
                52,
                53,
                54,
                55,
                56,
                59,
                60,
                61,
                64,
                67,
                68,
                69,
                75,
                78,
                79,
                82,
                83
            ],
            "summary": {
                "covered_lines": 37,
                "num_statements": 37,
                "percent_covered": 100.0,
                "percent_covered_display": "100",
                "missing_lines": 0,
                "excluded_lines": 0
            },
            "missing_lines": [],
            "excluded_lines": []
        }
    },
    "totals": {
        "covered_lines": 1261,
        "num_statements": 1413,
        "percent_covered": 89.24274593064402,
        "percent_covered_display": "89",
        "missing_lines": 152,
        "excluded_lines": 0
    }
}